<?xml version="1.0" encoding="UTF-8"?>
<testng-results ignored="0" total="1" passed="1" failed="0" skipped="0">
  <reporter-output>
  </reporter-output>
  <suite started-at="2026-01-29T02:11:57 IST" name="Master Suite" finished-at="2026-01-29T02:12:04 IST" duration-ms="6511">
    <groups>
    </groups>
    <test started-at="2026-01-29T02:11:57 IST" name="Test" finished-at="2026-01-29T02:12:04 IST" duration-ms="6511">
      <class name="testCases.TC001_AccountRegistrationTest">
        <test-method is-config="true" signature="setup(java.lang.String,java.lang.String)[pri:0, instance:testCases.TC001_AccountRegistrationTest@3d9c13b5]" started-at="2026-01-29T02:11:57 IST" name="setup" finished-at="2026-01-29T02:12:00 IST" duration-ms="3052" status="PASS">
          <params>
            <param index="0">
              <value>
                <![CDATA[Windows]]>
              </value>
            </param>
            <param index="1">
              <value>
                <![CDATA[Chrome]]>
              </value>
            </param>
          </params>
          <reporter-output>
          </reporter-output>
        </test-method> <!-- setup -->
        <test-method signature="verify_account_registration()[pri:0, instance:testCases.TC001_AccountRegistrationTest@3d9c13b5]" started-at="2026-01-29T02:12:00 IST" name="verify_account_registration" finished-at="2026-01-29T02:12:03 IST" duration-ms="3078" status="PASS">
          <reporter-output>
          </reporter-output>
        </test-method> <!-- verify_account_registration -->
        <test-method is-config="true" signature="teatDown()[pri:0, instance:testCases.TC001_AccountRegistrationTest@3d9c13b5]" started-at="2026-01-29T02:12:03 IST" name="teatDown" finished-at="2026-01-29T02:12:04 IST" duration-ms="296" status="PASS">
          <reporter-output>
          </reporter-output>
        </test-method> <!-- teatDown -->
      </class> <!-- testCases.TC001_AccountRegistrationTest -->
    </test> <!-- Test -->
  </suite> <!-- Master Suite -->
</testng-results>
