<?xml version="1.0" encoding="UTF-8"?>
<testng-results ignored="0" total="2" passed="2" failed="0" skipped="0">
  <reporter-output>
  </reporter-output>
  <suite started-at="2026-01-27T01:16:06 IST" name="Suite" finished-at="2026-01-27T01:16:37 IST" duration-ms="30519">
    <groups>
    </groups>
    <test started-at="2026-01-27T01:16:06 IST" name="Linux-Chrome" finished-at="2026-01-27T01:16:37 IST" duration-ms="30519">
      <class name="testCases.TC002_LoginTest">
        <test-method is-config="true" signature="setup(java.lang.String,java.lang.String)[pri:0, instance:testCases.TC002_LoginTest@21a21c64]" started-at="2026-01-27T01:16:23 IST" name="setup" finished-at="2026-01-27T01:16:31 IST" duration-ms="8323" status="PASS">
          <params>
            <param index="0">
              <value>
                <![CDATA[Linux]]>
              </value>
            </param>
            <param index="1">
              <value>
                <![CDATA[Firefox]]>
              </value>
            </param>
          </params>
          <reporter-output>
          </reporter-output>
        </test-method> <!-- setup -->
        <test-method signature="verify_login()[pri:0, instance:testCases.TC002_LoginTest@21a21c64]" started-at="2026-01-27T01:16:31 IST" name="verify_login" finished-at="2026-01-27T01:16:35 IST" duration-ms="3644" status="PASS">
          <reporter-output>
          </reporter-output>
        </test-method> <!-- verify_login -->
        <test-method is-config="true" signature="teatDown()[pri:0, instance:testCases.TC002_LoginTest@21a21c64]" started-at="2026-01-27T01:16:35 IST" name="teatDown" finished-at="2026-01-27T01:16:37 IST" duration-ms="1651" status="PASS">
          <reporter-output>
          </reporter-output>
        </test-method> <!-- teatDown -->
      </class> <!-- testCases.TC002_LoginTest -->
      <class name="testCases.TC001_AccountRegistrationTest">
        <test-method is-config="true" signature="setup(java.lang.String,java.lang.String)[pri:0, instance:testCases.TC001_AccountRegistrationTest@3a5ecce3]" started-at="2026-01-27T01:16:06 IST" name="setup" finished-at="2026-01-27T01:16:18 IST" duration-ms="11796" status="PASS">
          <params>
            <param index="0">
              <value>
                <![CDATA[Linux]]>
              </value>
            </param>
            <param index="1">
              <value>
                <![CDATA[Firefox]]>
              </value>
            </param>
          </params>
          <reporter-output>
          </reporter-output>
        </test-method> <!-- setup -->
        <test-method signature="verify_account_registration()[pri:0, instance:testCases.TC001_AccountRegistrationTest@3a5ecce3]" started-at="2026-01-27T01:16:18 IST" name="verify_account_registration" finished-at="2026-01-27T01:16:22 IST" duration-ms="3635" status="PASS">
          <reporter-output>
          </reporter-output>
        </test-method> <!-- verify_account_registration -->
        <test-method is-config="true" signature="teatDown()[pri:0, instance:testCases.TC001_AccountRegistrationTest@3a5ecce3]" started-at="2026-01-27T01:16:22 IST" name="teatDown" finished-at="2026-01-27T01:16:23 IST" duration-ms="1378" status="PASS">
          <reporter-output>
          </reporter-output>
        </test-method> <!-- teatDown -->
      </class> <!-- testCases.TC001_AccountRegistrationTest -->
    </test> <!-- Linux-Chrome -->
  </suite> <!-- Suite -->
</testng-results>
